0 info it worked if it ends with ok
1 verbose cli [ 'D:\\Program Files\\nodejs\\node.exe',
1 verbose cli   'D:\\Program Files\\nodejs\\node_modules\\npm\\bin\\npm-cli.js',
1 verbose cli   'start' ]
2 info using npm@3.9.5
3 info using node@v6.2.2
4 verbose run-script [ 'prestart', 'start', 'poststart' ]
5 info lifecycle data-transfer@1.0.0~prestart: data-transfer@1.0.0
6 silly lifecycle data-transfer@1.0.0~prestart: no script for prestart, continuing
7 info lifecycle data-transfer@1.0.0~start: data-transfer@1.0.0
8 verbose lifecycle data-transfer@1.0.0~start: unsafe-perm in lifecycle true
9 verbose lifecycle data-transfer@1.0.0~start: PATH: D:\Program Files\nodejs\node_modules\npm\bin\node-gyp-bin;D:\GitHub\data-transfer\node_modules\.bin;D:\Program Files\nodejs;C:\ProgramData\Oracle\Java\javapath;c:\program files\graphicsmagick-1.3.24-q8;C:\Windows\system32;C:\Windows;C:\Windows\System32\Wbem;C:\Windows\System32\WindowsPowerShell\v1.0\;D:\Program Files\nodejs\;D:\Program Files\Git\cmd;D:\Program Files\Git\usr\bin;C:\Program Files (x86)\NVIDIA Corporation\PhysX\Common;C:\Program Files\GDAL;C:\ffmpeg-20160712-7af44ce-win64-static\bin;C:\Program Files\GraphicsMagick-1.3.24-Q8;C:\Program Files (x86)\Skype\Phone\;C:\ProgramData\chocolatey\bin;C:\tools\python2;C:\Program Files\Java\jdk1.8.0_101;C:\bento4\bin;C:\Users\aivanov\AppData\Roaming\npm
10 verbose lifecycle data-transfer@1.0.0~start: CWD: D:\GitHub\data-transfer
11 silly lifecycle data-transfer@1.0.0~start: Args: [ '/d /s /c', 'node index' ]
12 silly lifecycle data-transfer@1.0.0~start: Returned: code: 1  signal: null
13 info lifecycle data-transfer@1.0.0~start: Failed to exec start script
14 verbose stack Error: data-transfer@1.0.0 start: `node index`
14 verbose stack Exit status 1
14 verbose stack     at EventEmitter.<anonymous> (D:\Program Files\nodejs\node_modules\npm\lib\utils\lifecycle.js:245:16)
14 verbose stack     at emitTwo (events.js:106:13)
14 verbose stack     at EventEmitter.emit (events.js:191:7)
14 verbose stack     at ChildProcess.<anonymous> (D:\Program Files\nodejs\node_modules\npm\lib\utils\spawn.js:24:14)
14 verbose stack     at emitTwo (events.js:106:13)
14 verbose stack     at ChildProcess.emit (events.js:191:7)
14 verbose stack     at maybeClose (internal/child_process.js:852:16)
14 verbose stack     at Process.ChildProcess._handle.onexit (internal/child_process.js:215:5)
15 verbose pkgid data-transfer@1.0.0
16 verbose cwd D:\GitHub\data-transfer
17 error Windows_NT 10.0.10586
18 error argv "D:\\Program Files\\nodejs\\node.exe" "D:\\Program Files\\nodejs\\node_modules\\npm\\bin\\npm-cli.js" "start"
19 error node v6.2.2
20 error npm  v3.9.5
21 error code ELIFECYCLE
22 error data-transfer@1.0.0 start: `node index`
22 error Exit status 1
23 error Failed at the data-transfer@1.0.0 start script 'node index'.
23 error Make sure you have the latest version of node.js and npm installed.
23 error If you do, this is most likely a problem with the data-transfer package,
23 error not with npm itself.
23 error Tell the author that this fails on your system:
23 error     node index
23 error You can get information on how to open an issue for this project with:
23 error     npm bugs data-transfer
23 error Or if that isn't available, you can get their info via:
23 error     npm owner ls data-transfer
23 error There is likely additional logging output above.
24 verbose exit [ 1, true ]
